{"name":"hexo","hostname":"lijun","pid":3652,"level":20,"msg":"Hexo version: \u001b[35m3.1.1\u001b[39m","time":"2015-09-14T01:25:21.300Z","v":0}
{"name":"hexo","hostname":"lijun","pid":3652,"level":20,"msg":"Working directory: \u001b[35mE:\\MyHexo\\\u001b[39m","time":"2015-09-14T01:25:21.304Z","v":0}
{"name":"hexo","hostname":"lijun","pid":3652,"level":20,"msg":"Config loaded: \u001b[35mE:\\MyHexo\\_config.yml\u001b[39m","time":"2015-09-14T01:25:21.390Z","v":0}
{"name":"hexo","hostname":"lijun","pid":3652,"level":20,"msg":"Plugin loaded: \u001b[35mhexo-deployer-git\u001b[39m","time":"2015-09-14T01:25:21.583Z","v":0}
{"name":"hexo","hostname":"lijun","pid":3652,"level":20,"msg":"Plugin loaded: \u001b[35mhexo-generator-category\u001b[39m","time":"2015-09-14T01:25:21.583Z","v":0}
{"name":"hexo","hostname":"lijun","pid":3652,"level":20,"msg":"Plugin loaded: \u001b[35mhexo-generator-archive\u001b[39m","time":"2015-09-14T01:25:21.584Z","v":0}
{"name":"hexo","hostname":"lijun","pid":3652,"level":20,"msg":"Plugin loaded: \u001b[35mhexo-generator-index\u001b[39m","time":"2015-09-14T01:25:21.584Z","v":0}
{"name":"hexo","hostname":"lijun","pid":3652,"level":20,"msg":"Plugin loaded: \u001b[35mhexo-generator-tag\u001b[39m","time":"2015-09-14T01:25:21.585Z","v":0}
{"name":"hexo","hostname":"lijun","pid":3652,"level":20,"msg":"Plugin loaded: \u001b[35mhexo-renderer-ejs\u001b[39m","time":"2015-09-14T01:25:21.585Z","v":0}
{"name":"hexo","hostname":"lijun","pid":3652,"level":20,"msg":"Plugin loaded: \u001b[35mhexo-renderer-marked\u001b[39m","time":"2015-09-14T01:25:21.872Z","v":0}
{"name":"hexo","hostname":"lijun","pid":3652,"level":20,"msg":"Plugin loaded: \u001b[35mhexo-renderer-stylus\u001b[39m","time":"2015-09-14T01:25:21.873Z","v":0}
{"name":"hexo","hostname":"lijun","pid":3652,"level":20,"msg":"Plugin loaded: \u001b[35mhexo-server\u001b[39m","time":"2015-09-14T01:25:21.874Z","v":0}
{"name":"hexo","hostname":"lijun","pid":3652,"level":20,"msg":"Script loaded: \u001b[35mthemes\\next\\scripts\\merge-configs.js\u001b[39m","time":"2015-09-14T01:25:21.875Z","v":0}
{"name":"hexo","hostname":"lijun","pid":3652,"level":20,"msg":"Script loaded: \u001b[35mthemes\\next\\scripts\\tags\\center-quote.js\u001b[39m","time":"2015-09-14T01:25:21.875Z","v":0}
{"name":"hexo","hostname":"lijun","pid":3652,"level":20,"msg":"Script loaded: \u001b[35mthemes\\next\\scripts\\tags\\full-image.js\u001b[39m","time":"2015-09-14T01:25:21.876Z","v":0}
{"name":"hexo","hostname":"lijun","pid":3652,"level":20,"msg":"Loading database.","time":"2015-09-14T01:25:21.889Z","v":0}
{"name":"hexo","hostname":"lijun","pid":3652,"level":20,"msg":"Unchanged: \u001b[35msource/_posts/hello-world.md\u001b[39m","time":"2015-09-14T01:25:21.939Z","v":0}
{"name":"hexo","hostname":"lijun","pid":3652,"level":20,"msg":"Unchanged: \u001b[35msource/_posts/hexo配置还是放到github上吧.md\u001b[39m","time":"2015-09-14T01:25:21.939Z","v":0}
{"name":"hexo","hostname":"lijun","pid":3652,"level":20,"msg":"Processed: \u001b[35m_posts/hello-world.md\u001b[39m","time":"2015-09-14T01:25:21.945Z","v":0}
{"name":"hexo","hostname":"lijun","pid":3652,"level":20,"msg":"Processed: \u001b[35m_posts/hexo配置还是放到github上吧.md\u001b[39m","time":"2015-09-14T01:25:21.946Z","v":0}
{"name":"hexo","hostname":"lijun","pid":3652,"level":20,"msg":"Added: \u001b[35mthemes/next/source/css/_common/_page/home.styl\u001b[39m","time":"2015-09-14T01:25:22.013Z","v":0}
{"name":"hexo","hostname":"lijun","pid":3652,"level":20,"msg":"Added: \u001b[35mthemes/next/source/css/_mixins/Mist.styl\u001b[39m","time":"2015-09-14T01:25:22.015Z","v":0}
{"name":"hexo","hostname":"lijun","pid":3652,"level":20,"msg":"Added: \u001b[35mthemes/next/source/css/_mixins/custom.styl\u001b[39m","time":"2015-09-14T01:25:22.016Z","v":0}
{"name":"hexo","hostname":"lijun","pid":3652,"level":20,"msg":"Added: \u001b[35mthemes/next/source/css/_mixins/default.styl\u001b[39m","time":"2015-09-14T01:25:22.016Z","v":0}
{"name":"hexo","hostname":"lijun","pid":3652,"level":20,"msg":"Added: \u001b[35mthemes/next/source/css/_variables/custom.styl\u001b[39m","time":"2015-09-14T01:25:22.017Z","v":0}
{"name":"hexo","hostname":"lijun","pid":3652,"level":20,"msg":"Added: \u001b[35mthemes/next/source/css/_variables/default.styl\u001b[39m","time":"2015-09-14T01:25:22.017Z","v":0}
{"name":"hexo","hostname":"lijun","pid":3652,"level":20,"msg":"Added: \u001b[35mthemes/next/README.en.md\u001b[39m","time":"2015-09-14T01:25:22.032Z","v":0}
{"name":"hexo","hostname":"lijun","pid":3652,"level":20,"msg":"Added: \u001b[35mthemes/next/README.md\u001b[39m","time":"2015-09-14T01:25:22.033Z","v":0}
{"name":"hexo","hostname":"lijun","pid":3652,"level":20,"msg":"Added: \u001b[35mthemes/next/_config.yml\u001b[39m","time":"2015-09-14T01:25:22.033Z","v":0}
{"name":"hexo","hostname":"lijun","pid":3652,"level":20,"msg":"Added: \u001b[35mthemes/next/bower.json\u001b[39m","time":"2015-09-14T01:25:22.034Z","v":0}
{"name":"hexo","hostname":"lijun","pid":3652,"level":20,"msg":"Added: \u001b[35mthemes/next/languages/de.yml\u001b[39m","time":"2015-09-14T01:25:22.034Z","v":0}
{"name":"hexo","hostname":"lijun","pid":3652,"level":20,"msg":"Added: \u001b[35mthemes/next/languages/default.yml\u001b[39m","time":"2015-09-14T01:25:22.034Z","v":0}
{"name":"hexo","hostname":"lijun","pid":3652,"level":20,"msg":"Added: \u001b[35mthemes/next/languages/en.yml\u001b[39m","time":"2015-09-14T01:25:22.035Z","v":0}
{"name":"hexo","hostname":"lijun","pid":3652,"level":20,"msg":"Added: \u001b[35mthemes/next/languages/fr-FR.yml\u001b[39m","time":"2015-09-14T01:25:22.036Z","v":0}
{"name":"hexo","hostname":"lijun","pid":3652,"level":20,"msg":"Added: \u001b[35mthemes/next/languages/ru.yml\u001b[39m","time":"2015-09-14T01:25:22.037Z","v":0}
{"name":"hexo","hostname":"lijun","pid":3652,"level":20,"msg":"Added: \u001b[35mthemes/next/languages/zh-Hans.yml\u001b[39m","time":"2015-09-14T01:25:22.038Z","v":0}
{"name":"hexo","hostname":"lijun","pid":3652,"level":20,"msg":"Added: \u001b[35mthemes/next/languages/zh-hk.yml\u001b[39m","time":"2015-09-14T01:25:22.038Z","v":0}
{"name":"hexo","hostname":"lijun","pid":3652,"level":20,"msg":"Added: \u001b[35mthemes/next/languages/zh-tw.yml\u001b[39m","time":"2015-09-14T01:25:22.038Z","v":0}
{"name":"hexo","hostname":"lijun","pid":3652,"level":20,"msg":"Added: \u001b[35mthemes/next/layout/_layout.swig\u001b[39m","time":"2015-09-14T01:25:22.039Z","v":0}
{"name":"hexo","hostname":"lijun","pid":3652,"level":20,"msg":"Added: \u001b[35mthemes/next/layout/_macro/post-collapse.swig\u001b[39m","time":"2015-09-14T01:25:22.040Z","v":0}
{"name":"hexo","hostname":"lijun","pid":3652,"level":20,"msg":"Added: \u001b[35mthemes/next/layout/_macro/post.swig\u001b[39m","time":"2015-09-14T01:25:22.040Z","v":0}
{"name":"hexo","hostname":"lijun","pid":3652,"level":20,"msg":"Added: \u001b[35mthemes/next/layout/_macro/sidebar.swig\u001b[39m","time":"2015-09-14T01:25:22.040Z","v":0}
{"name":"hexo","hostname":"lijun","pid":3652,"level":20,"msg":"Added: \u001b[35mthemes/next/layout/_partials/footer.swig\u001b[39m","time":"2015-09-14T01:25:22.041Z","v":0}
{"name":"hexo","hostname":"lijun","pid":3652,"level":20,"msg":"Added: \u001b[35mthemes/next/layout/_partials/head.swig\u001b[39m","time":"2015-09-14T01:25:22.041Z","v":0}
{"name":"hexo","hostname":"lijun","pid":3652,"level":20,"msg":"Added: \u001b[35mthemes/next/layout/_partials/header.swig\u001b[39m","time":"2015-09-14T01:25:22.042Z","v":0}
{"name":"hexo","hostname":"lijun","pid":3652,"level":20,"msg":"Added: \u001b[35mthemes/next/layout/_partials/old-browsers.swig\u001b[39m","time":"2015-09-14T01:25:22.043Z","v":0}
{"name":"hexo","hostname":"lijun","pid":3652,"level":20,"msg":"Added: \u001b[35mthemes/next/layout/_partials/pagination.swig\u001b[39m","time":"2015-09-14T01:25:22.044Z","v":0}
{"name":"hexo","hostname":"lijun","pid":3652,"level":20,"msg":"Added: \u001b[35mthemes/next/layout/_partials/search/swiftype.swig\u001b[39m","time":"2015-09-14T01:25:22.044Z","v":0}
{"name":"hexo","hostname":"lijun","pid":3652,"level":20,"msg":"Added: \u001b[35mthemes/next/layout/_partials/search/tinysou.swig\u001b[39m","time":"2015-09-14T01:25:22.045Z","v":0}
{"name":"hexo","hostname":"lijun","pid":3652,"level":20,"msg":"Added: \u001b[35mthemes/next/layout/_partials/search.swig\u001b[39m","time":"2015-09-14T01:25:22.045Z","v":0}
{"name":"hexo","hostname":"lijun","pid":3652,"level":20,"msg":"Added: \u001b[35mthemes/next/layout/_partials/share/duoshuo_share.swig\u001b[39m","time":"2015-09-14T01:25:22.047Z","v":0}
{"name":"hexo","hostname":"lijun","pid":3652,"level":20,"msg":"Added: \u001b[35mthemes/next/layout/_partials/share/jiathis.swig\u001b[39m","time":"2015-09-14T01:25:22.047Z","v":0}
{"name":"hexo","hostname":"lijun","pid":3652,"level":20,"msg":"Added: \u001b[35mthemes/next/layout/_scripts/analytics/baidu-analytics.swig\u001b[39m","time":"2015-09-14T01:25:22.048Z","v":0}
{"name":"hexo","hostname":"lijun","pid":3652,"level":20,"msg":"Added: \u001b[35mthemes/next/layout/_scripts/analytics/google-analytics.swig\u001b[39m","time":"2015-09-14T01:25:22.049Z","v":0}
{"name":"hexo","hostname":"lijun","pid":3652,"level":20,"msg":"Added: \u001b[35mthemes/next/layout/_scripts/analytics.swig\u001b[39m","time":"2015-09-14T01:25:22.049Z","v":0}
{"name":"hexo","hostname":"lijun","pid":3652,"level":20,"msg":"Added: \u001b[35mthemes/next/layout/_scripts/baidushare.swig\u001b[39m","time":"2015-09-14T01:25:22.050Z","v":0}
{"name":"hexo","hostname":"lijun","pid":3652,"level":20,"msg":"Added: \u001b[35mthemes/next/layout/_scripts/bootstrap.scrollspy.swig\u001b[39m","time":"2015-09-14T01:25:22.050Z","v":0}
{"name":"hexo","hostname":"lijun","pid":3652,"level":20,"msg":"Added: \u001b[35mthemes/next/layout/_scripts/comments/disqus.swig\u001b[39m","time":"2015-09-14T01:25:22.051Z","v":0}
{"name":"hexo","hostname":"lijun","pid":3652,"level":20,"msg":"Added: \u001b[35mthemes/next/layout/_scripts/comments/duoshuo.swig\u001b[39m","time":"2015-09-14T01:25:22.051Z","v":0}
{"name":"hexo","hostname":"lijun","pid":3652,"level":20,"msg":"Added: \u001b[35mthemes/next/layout/_scripts/fancy-box.swig\u001b[39m","time":"2015-09-14T01:25:22.052Z","v":0}
{"name":"hexo","hostname":"lijun","pid":3652,"level":20,"msg":"Added: \u001b[35mthemes/next/layout/_scripts/helpers.swig\u001b[39m","time":"2015-09-14T01:25:22.052Z","v":0}
{"name":"hexo","hostname":"lijun","pid":3652,"level":20,"msg":"Added: \u001b[35mthemes/next/layout/_scripts/mathjax.swig\u001b[39m","time":"2015-09-14T01:25:22.053Z","v":0}
{"name":"hexo","hostname":"lijun","pid":3652,"level":20,"msg":"Added: \u001b[35mthemes/next/layout/_scripts/motion.swig\u001b[39m","time":"2015-09-14T01:25:22.053Z","v":0}
{"name":"hexo","hostname":"lijun","pid":3652,"level":20,"msg":"Added: \u001b[35mthemes/next/layout/_scripts/pages/post-details.swig\u001b[39m","time":"2015-09-14T01:25:22.054Z","v":0}
{"name":"hexo","hostname":"lijun","pid":3652,"level":20,"msg":"Added: \u001b[35mthemes/next/layout/archive.swig\u001b[39m","time":"2015-09-14T01:25:22.054Z","v":0}
{"name":"hexo","hostname":"lijun","pid":3652,"level":20,"msg":"Added: \u001b[35mthemes/next/layout/category.swig\u001b[39m","time":"2015-09-14T01:25:22.055Z","v":0}
{"name":"hexo","hostname":"lijun","pid":3652,"level":20,"msg":"Added: \u001b[35mthemes/next/layout/index.swig\u001b[39m","time":"2015-09-14T01:25:22.055Z","v":0}
{"name":"hexo","hostname":"lijun","pid":3652,"level":20,"msg":"Added: \u001b[35mthemes/next/layout/page.swig\u001b[39m","time":"2015-09-14T01:25:22.056Z","v":0}
{"name":"hexo","hostname":"lijun","pid":3652,"level":20,"msg":"Added: \u001b[35mthemes/next/layout/post.swig\u001b[39m","time":"2015-09-14T01:25:22.056Z","v":0}
{"name":"hexo","hostname":"lijun","pid":3652,"level":20,"msg":"Added: \u001b[35mthemes/next/layout/tag.swig\u001b[39m","time":"2015-09-14T01:25:22.057Z","v":0}
{"name":"hexo","hostname":"lijun","pid":3652,"level":20,"msg":"Added: \u001b[35mthemes/next/scripts/merge-configs.js\u001b[39m","time":"2015-09-14T01:25:22.057Z","v":0}
{"name":"hexo","hostname":"lijun","pid":3652,"level":20,"msg":"Added: \u001b[35mthemes/next/scripts/tags/center-quote.js\u001b[39m","time":"2015-09-14T01:25:22.058Z","v":0}
{"name":"hexo","hostname":"lijun","pid":3652,"level":20,"msg":"Added: \u001b[35mthemes/next/scripts/tags/full-image.js\u001b[39m","time":"2015-09-14T01:25:22.058Z","v":0}
{"name":"hexo","hostname":"lijun","pid":3652,"level":20,"msg":"Added: \u001b[35mthemes/next/source/css/_common/_component/back-to-top.styl\u001b[39m","time":"2015-09-14T01:25:22.059Z","v":0}
{"name":"hexo","hostname":"lijun","pid":3652,"level":20,"msg":"Added: \u001b[35mthemes/next/source/css/_common/_component/buttons.styl\u001b[39m","time":"2015-09-14T01:25:22.060Z","v":0}
{"name":"hexo","hostname":"lijun","pid":3652,"level":20,"msg":"Added: \u001b[35mthemes/next/source/css/_common/_component/comments.styl\u001b[39m","time":"2015-09-14T01:25:22.061Z","v":0}
{"name":"hexo","hostname":"lijun","pid":3652,"level":20,"msg":"Added: \u001b[35mthemes/next/source/css/_common/_component/duoshuo.styl\u001b[39m","time":"2015-09-14T01:25:22.061Z","v":0}
{"name":"hexo","hostname":"lijun","pid":3652,"level":20,"msg":"Added: \u001b[35mthemes/next/source/css/_common/_component/gallery.styl\u001b[39m","time":"2015-09-14T01:25:22.062Z","v":0}
{"name":"hexo","hostname":"lijun","pid":3652,"level":20,"msg":"Added: \u001b[35mthemes/next/source/css/_common/_component/jiathis.styl\u001b[39m","time":"2015-09-14T01:25:22.063Z","v":0}
{"name":"hexo","hostname":"lijun","pid":3652,"level":20,"msg":"Added: \u001b[35mthemes/next/source/css/_common/_component/pagination.styl\u001b[39m","time":"2015-09-14T01:25:22.063Z","v":0}
{"name":"hexo","hostname":"lijun","pid":3652,"level":20,"msg":"Added: \u001b[35mthemes/next/source/css/_common/_component/posts-collapse.styl\u001b[39m","time":"2015-09-14T01:25:22.064Z","v":0}
{"name":"hexo","hostname":"lijun","pid":3652,"level":20,"msg":"Added: \u001b[35mthemes/next/source/css/_common/_component/posts-expand.styl\u001b[39m","time":"2015-09-14T01:25:22.064Z","v":0}
{"name":"hexo","hostname":"lijun","pid":3652,"level":20,"msg":"Added: \u001b[35mthemes/next/source/css/_common/_component/posts-type.styl\u001b[39m","time":"2015-09-14T01:25:22.065Z","v":0}
{"name":"hexo","hostname":"lijun","pid":3652,"level":20,"msg":"Added: \u001b[35mthemes/next/source/css/_common/_component/tag-cloud.styl\u001b[39m","time":"2015-09-14T01:25:22.066Z","v":0}
{"name":"hexo","hostname":"lijun","pid":3652,"level":20,"msg":"Added: \u001b[35mthemes/next/source/css/_common/_core/base.styl\u001b[39m","time":"2015-09-14T01:25:22.067Z","v":0}
{"name":"hexo","hostname":"lijun","pid":3652,"level":20,"msg":"Added: \u001b[35mthemes/next/source/css/_common/_core/helpers.styl\u001b[39m","time":"2015-09-14T01:25:22.067Z","v":0}
{"name":"hexo","hostname":"lijun","pid":3652,"level":20,"msg":"Added: \u001b[35mthemes/next/source/css/_common/_core/normalize.styl\u001b[39m","time":"2015-09-14T01:25:22.068Z","v":0}
{"name":"hexo","hostname":"lijun","pid":3652,"level":20,"msg":"Added: \u001b[35mthemes/next/source/css/_common/_core/scaffolding.styl\u001b[39m","time":"2015-09-14T01:25:22.068Z","v":0}
{"name":"hexo","hostname":"lijun","pid":3652,"level":20,"msg":"Added: \u001b[35mthemes/next/source/css/_common/_core/tables.styl\u001b[39m","time":"2015-09-14T01:25:22.068Z","v":0}
{"name":"hexo","hostname":"lijun","pid":3652,"level":20,"msg":"Added: \u001b[35mthemes/next/source/css/_common/_fonts/icon-default.styl\u001b[39m","time":"2015-09-14T01:25:22.069Z","v":0}
{"name":"hexo","hostname":"lijun","pid":3652,"level":20,"msg":"Added: \u001b[35mthemes/next/source/css/_common/_fonts/icon-feather.styl\u001b[39m","time":"2015-09-14T01:25:22.070Z","v":0}
{"name":"hexo","hostname":"lijun","pid":3652,"level":20,"msg":"Added: \u001b[35mthemes/next/source/css/_common/_fonts/icon-fifty-shades.styl\u001b[39m","time":"2015-09-14T01:25:22.070Z","v":0}
{"name":"hexo","hostname":"lijun","pid":3652,"level":20,"msg":"Added: \u001b[35mthemes/next/source/css/_common/_fonts/icon-font.styl\u001b[39m","time":"2015-09-14T01:25:22.071Z","v":0}
{"name":"hexo","hostname":"lijun","pid":3652,"level":20,"msg":"Added: \u001b[35mthemes/next/source/css/_common/_fonts/icon-linecons.styl\u001b[39m","time":"2015-09-14T01:25:22.071Z","v":0}
{"name":"hexo","hostname":"lijun","pid":3652,"level":20,"msg":"Added: \u001b[35mthemes/next/source/css/_common/_page/archive.styl\u001b[39m","time":"2015-09-14T01:25:22.072Z","v":0}
{"name":"hexo","hostname":"lijun","pid":3652,"level":20,"msg":"Added: \u001b[35mthemes/next/source/css/_common/_page/categories.styl\u001b[39m","time":"2015-09-14T01:25:22.073Z","v":0}
{"name":"hexo","hostname":"lijun","pid":3652,"level":20,"msg":"Added: \u001b[35mthemes/next/source/css/_common/_page/post-detail.styl\u001b[39m","time":"2015-09-14T01:25:22.073Z","v":0}
{"name":"hexo","hostname":"lijun","pid":3652,"level":20,"msg":"Added: \u001b[35mthemes/next/source/css/_common/_section/body.styl\u001b[39m","time":"2015-09-14T01:25:22.073Z","v":0}
{"name":"hexo","hostname":"lijun","pid":3652,"level":20,"msg":"Added: \u001b[35mthemes/next/source/css/_common/_section/footer.styl\u001b[39m","time":"2015-09-14T01:25:22.074Z","v":0}
{"name":"hexo","hostname":"lijun","pid":3652,"level":20,"msg":"Added: \u001b[35mthemes/next/source/css/_common/_section/header.styl\u001b[39m","time":"2015-09-14T01:25:22.074Z","v":0}
{"name":"hexo","hostname":"lijun","pid":3652,"level":20,"msg":"Added: \u001b[35mthemes/next/source/css/_common/_section/layout.styl\u001b[39m","time":"2015-09-14T01:25:22.075Z","v":0}
{"name":"hexo","hostname":"lijun","pid":3652,"level":20,"msg":"Added: \u001b[35mthemes/next/source/css/_common/_section/media.styl\u001b[39m","time":"2015-09-14T01:25:22.076Z","v":0}
{"name":"hexo","hostname":"lijun","pid":3652,"level":20,"msg":"Added: \u001b[35mthemes/next/source/css/_common/_section/sidebar.styl\u001b[39m","time":"2015-09-14T01:25:22.076Z","v":0}
{"name":"hexo","hostname":"lijun","pid":3652,"level":20,"msg":"Added: \u001b[35mthemes/next/source/css/_common/_vendor/highlight/highlight.styl\u001b[39m","time":"2015-09-14T01:25:22.077Z","v":0}
{"name":"hexo","hostname":"lijun","pid":3652,"level":20,"msg":"Added: \u001b[35mthemes/next/source/css/_common/_vendor/highlight/theme.styl\u001b[39m","time":"2015-09-14T01:25:22.078Z","v":0}
{"name":"hexo","hostname":"lijun","pid":3652,"level":20,"msg":"Added: \u001b[35mthemes/next/source/css/_custom/custom.styl\u001b[39m","time":"2015-09-14T01:25:22.078Z","v":0}
{"name":"hexo","hostname":"lijun","pid":3652,"level":20,"msg":"Added: \u001b[35mthemes/next/source/css/_mixins/base.styl\u001b[39m","time":"2015-09-14T01:25:22.079Z","v":0}
{"name":"hexo","hostname":"lijun","pid":3652,"level":20,"msg":"Added: \u001b[35mthemes/next/source/css/_schemes/Mist/index.styl\u001b[39m","time":"2015-09-14T01:25:22.079Z","v":0}
{"name":"hexo","hostname":"lijun","pid":3652,"level":20,"msg":"Added: \u001b[35mthemes/next/source/css/_schemes/default/_menu.styl\u001b[39m","time":"2015-09-14T01:25:22.080Z","v":0}
{"name":"hexo","hostname":"lijun","pid":3652,"level":20,"msg":"Added: \u001b[35mthemes/next/source/css/_schemes/default/_search.styl\u001b[39m","time":"2015-09-14T01:25:22.080Z","v":0}
{"name":"hexo","hostname":"lijun","pid":3652,"level":20,"msg":"Added: \u001b[35mthemes/next/source/css/_schemes/default/index.styl\u001b[39m","time":"2015-09-14T01:25:22.081Z","v":0}
{"name":"hexo","hostname":"lijun","pid":3652,"level":20,"msg":"Added: \u001b[35mthemes/next/source/css/_variables/Mist.styl\u001b[39m","time":"2015-09-14T01:25:22.081Z","v":0}
{"name":"hexo","hostname":"lijun","pid":3652,"level":20,"msg":"Added: \u001b[35mthemes/next/source/css/_variables/base.styl\u001b[39m","time":"2015-09-14T01:25:22.082Z","v":0}
{"name":"hexo","hostname":"lijun","pid":3652,"level":20,"msg":"Added: \u001b[35mthemes/next/source/css/main.styl\u001b[39m","time":"2015-09-14T01:25:22.082Z","v":0}
{"name":"hexo","hostname":"lijun","pid":3652,"level":20,"msg":"Added: \u001b[35mthemes/next/source/fonts/icon-default/icomoon.eot\u001b[39m","time":"2015-09-14T01:25:22.083Z","v":0}
{"name":"hexo","hostname":"lijun","pid":3652,"level":20,"msg":"Added: \u001b[35mthemes/next/source/fonts/icon-default/icomoon.svg\u001b[39m","time":"2015-09-14T01:25:22.083Z","v":0}
{"name":"hexo","hostname":"lijun","pid":3652,"level":20,"msg":"Added: \u001b[35mthemes/next/source/fonts/icon-default/icomoon.ttf\u001b[39m","time":"2015-09-14T01:25:22.083Z","v":0}
{"name":"hexo","hostname":"lijun","pid":3652,"level":20,"msg":"Added: \u001b[35mthemes/next/source/fonts/icon-default/icomoon.woff\u001b[39m","time":"2015-09-14T01:25:22.084Z","v":0}
{"name":"hexo","hostname":"lijun","pid":3652,"level":20,"msg":"Added: \u001b[35mthemes/next/source/fonts/icon-default/selection.json\u001b[39m","time":"2015-09-14T01:25:22.085Z","v":0}
{"name":"hexo","hostname":"lijun","pid":3652,"level":20,"msg":"Added: \u001b[35mthemes/next/source/fonts/icon-feather/icomoon.eot\u001b[39m","time":"2015-09-14T01:25:22.085Z","v":0}
{"name":"hexo","hostname":"lijun","pid":3652,"level":20,"msg":"Added: \u001b[35mthemes/next/source/fonts/icon-feather/icomoon.svg\u001b[39m","time":"2015-09-14T01:25:22.086Z","v":0}
{"name":"hexo","hostname":"lijun","pid":3652,"level":20,"msg":"Added: \u001b[35mthemes/next/source/fonts/icon-feather/icomoon.ttf\u001b[39m","time":"2015-09-14T01:25:22.086Z","v":0}
{"name":"hexo","hostname":"lijun","pid":3652,"level":20,"msg":"Added: \u001b[35mthemes/next/source/fonts/icon-feather/icomoon.woff\u001b[39m","time":"2015-09-14T01:25:22.087Z","v":0}
{"name":"hexo","hostname":"lijun","pid":3652,"level":20,"msg":"Added: \u001b[35mthemes/next/source/fonts/icon-feather/selection.json\u001b[39m","time":"2015-09-14T01:25:22.088Z","v":0}
{"name":"hexo","hostname":"lijun","pid":3652,"level":20,"msg":"Added: \u001b[35mthemes/next/source/fonts/icon-fifty-shades/icomoon.eot\u001b[39m","time":"2015-09-14T01:25:22.090Z","v":0}
{"name":"hexo","hostname":"lijun","pid":3652,"level":20,"msg":"Added: \u001b[35mthemes/next/source/fonts/icon-fifty-shades/icomoon.svg\u001b[39m","time":"2015-09-14T01:25:22.091Z","v":0}
{"name":"hexo","hostname":"lijun","pid":3652,"level":20,"msg":"Added: \u001b[35mthemes/next/source/fonts/icon-fifty-shades/icomoon.ttf\u001b[39m","time":"2015-09-14T01:25:22.091Z","v":0}
{"name":"hexo","hostname":"lijun","pid":3652,"level":20,"msg":"Added: \u001b[35mthemes/next/source/fonts/icon-fifty-shades/icomoon.woff\u001b[39m","time":"2015-09-14T01:25:22.092Z","v":0}
{"name":"hexo","hostname":"lijun","pid":3652,"level":20,"msg":"Added: \u001b[35mthemes/next/source/fonts/icon-fifty-shades/selection.json\u001b[39m","time":"2015-09-14T01:25:22.093Z","v":0}
{"name":"hexo","hostname":"lijun","pid":3652,"level":20,"msg":"Added: \u001b[35mthemes/next/source/fonts/icon-icomoon/icomoon.eot\u001b[39m","time":"2015-09-14T01:25:22.094Z","v":0}
{"name":"hexo","hostname":"lijun","pid":3652,"level":20,"msg":"Added: \u001b[35mthemes/next/source/fonts/icon-icomoon/icomoon.svg\u001b[39m","time":"2015-09-14T01:25:22.094Z","v":0}
{"name":"hexo","hostname":"lijun","pid":3652,"level":20,"msg":"Added: \u001b[35mthemes/next/source/fonts/icon-icomoon/icomoon.ttf\u001b[39m","time":"2015-09-14T01:25:22.095Z","v":0}
{"name":"hexo","hostname":"lijun","pid":3652,"level":20,"msg":"Added: \u001b[35mthemes/next/source/fonts/icon-icomoon/icomoon.woff\u001b[39m","time":"2015-09-14T01:25:22.096Z","v":0}
{"name":"hexo","hostname":"lijun","pid":3652,"level":20,"msg":"Added: \u001b[35mthemes/next/source/fonts/icon-linecons/icomoon.eot\u001b[39m","time":"2015-09-14T01:25:22.097Z","v":0}
{"name":"hexo","hostname":"lijun","pid":3652,"level":20,"msg":"Added: \u001b[35mthemes/next/source/fonts/icon-linecons/icomoon.svg\u001b[39m","time":"2015-09-14T01:25:22.097Z","v":0}
{"name":"hexo","hostname":"lijun","pid":3652,"level":20,"msg":"Added: \u001b[35mthemes/next/source/fonts/icon-linecons/icomoon.ttf\u001b[39m","time":"2015-09-14T01:25:22.098Z","v":0}
{"name":"hexo","hostname":"lijun","pid":3652,"level":20,"msg":"Added: \u001b[35mthemes/next/source/fonts/icon-linecons/icomoon.woff\u001b[39m","time":"2015-09-14T01:25:22.098Z","v":0}
{"name":"hexo","hostname":"lijun","pid":3652,"level":20,"msg":"Added: \u001b[35mthemes/next/source/fonts/icon-linecons/selection.json\u001b[39m","time":"2015-09-14T01:25:22.099Z","v":0}
{"name":"hexo","hostname":"lijun","pid":3652,"level":20,"msg":"Added: \u001b[35mthemes/next/source/images/bkdefault_avatar.jpg\u001b[39m","time":"2015-09-14T01:25:22.099Z","v":0}
{"name":"hexo","hostname":"lijun","pid":3652,"level":20,"msg":"Added: \u001b[35mthemes/next/source/images/cc-by-nc-nd.svg\u001b[39m","time":"2015-09-14T01:25:22.100Z","v":0}
{"name":"hexo","hostname":"lijun","pid":3652,"level":20,"msg":"Added: \u001b[35mthemes/next/source/images/cc-by-nc-sa.svg\u001b[39m","time":"2015-09-14T01:25:22.102Z","v":0}
{"name":"hexo","hostname":"lijun","pid":3652,"level":20,"msg":"Added: \u001b[35mthemes/next/source/images/cc-by-nc.svg\u001b[39m","time":"2015-09-14T01:25:22.103Z","v":0}
{"name":"hexo","hostname":"lijun","pid":3652,"level":20,"msg":"Added: \u001b[35mthemes/next/source/images/cc-by-nd.svg\u001b[39m","time":"2015-09-14T01:25:22.103Z","v":0}
{"name":"hexo","hostname":"lijun","pid":3652,"level":20,"msg":"Added: \u001b[35mthemes/next/source/images/cc-by-sa.svg\u001b[39m","time":"2015-09-14T01:25:22.104Z","v":0}
{"name":"hexo","hostname":"lijun","pid":3652,"level":20,"msg":"Added: \u001b[35mthemes/next/source/images/cc-by.svg\u001b[39m","time":"2015-09-14T01:25:22.104Z","v":0}
{"name":"hexo","hostname":"lijun","pid":3652,"level":20,"msg":"Added: \u001b[35mthemes/next/source/images/cc-zero.svg\u001b[39m","time":"2015-09-14T01:25:22.106Z","v":0}
{"name":"hexo","hostname":"lijun","pid":3652,"level":20,"msg":"Added: \u001b[35mthemes/next/source/images/loading.gif\u001b[39m","time":"2015-09-14T01:25:22.107Z","v":0}
{"name":"hexo","hostname":"lijun","pid":3652,"level":20,"msg":"Added: \u001b[35mthemes/next/source/images/placeholder.gif\u001b[39m","time":"2015-09-14T01:25:22.107Z","v":0}
{"name":"hexo","hostname":"lijun","pid":3652,"level":20,"msg":"Added: \u001b[35mthemes/next/source/images/searchicon.png\u001b[39m","time":"2015-09-14T01:25:22.108Z","v":0}
{"name":"hexo","hostname":"lijun","pid":3652,"level":20,"msg":"Added: \u001b[35mthemes/next/source/js/bootstrap.scrollspy.js\u001b[39m","time":"2015-09-14T01:25:22.108Z","v":0}
{"name":"hexo","hostname":"lijun","pid":3652,"level":20,"msg":"Added: \u001b[35mthemes/next/source/js/fancy-box.js\u001b[39m","time":"2015-09-14T01:25:22.109Z","v":0}
{"name":"hexo","hostname":"lijun","pid":3652,"level":20,"msg":"Added: \u001b[35mthemes/next/source/js/helpers.js\u001b[39m","time":"2015-09-14T01:25:22.110Z","v":0}
{"name":"hexo","hostname":"lijun","pid":3652,"level":20,"msg":"Added: \u001b[35mthemes/next/source/js/hook-duoshuo.js\u001b[39m","time":"2015-09-14T01:25:22.111Z","v":0}
{"name":"hexo","hostname":"lijun","pid":3652,"level":20,"msg":"Added: \u001b[35mthemes/next/source/js/lazyload.js\u001b[39m","time":"2015-09-14T01:25:22.111Z","v":0}
{"name":"hexo","hostname":"lijun","pid":3652,"level":20,"msg":"Added: \u001b[35mthemes/next/source/js/motion_fallback.js\u001b[39m","time":"2015-09-14T01:25:22.112Z","v":0}
{"name":"hexo","hostname":"lijun","pid":3652,"level":20,"msg":"Added: \u001b[35mthemes/next/source/js/motion_global.js\u001b[39m","time":"2015-09-14T01:25:22.112Z","v":0}
{"name":"hexo","hostname":"lijun","pid":3652,"level":20,"msg":"Added: \u001b[35mthemes/next/source/js/nav-toggle.js\u001b[39m","time":"2015-09-14T01:25:22.113Z","v":0}
{"name":"hexo","hostname":"lijun","pid":3652,"level":20,"msg":"Added: \u001b[35mthemes/next/source/js/ua-parser.min.js\u001b[39m","time":"2015-09-14T01:25:22.113Z","v":0}
{"name":"hexo","hostname":"lijun","pid":3652,"level":20,"msg":"Added: \u001b[35mthemes/next/source/vendors/fancybox/source/blank.gif\u001b[39m","time":"2015-09-14T01:25:22.114Z","v":0}
{"name":"hexo","hostname":"lijun","pid":3652,"level":20,"msg":"Added: \u001b[35mthemes/next/source/vendors/fancybox/source/fancybox_loading.gif\u001b[39m","time":"2015-09-14T01:25:22.114Z","v":0}
{"name":"hexo","hostname":"lijun","pid":3652,"level":20,"msg":"Added: \u001b[35mthemes/next/source/vendors/fancybox/source/fancybox_loading@2x.gif\u001b[39m","time":"2015-09-14T01:25:22.115Z","v":0}
{"name":"hexo","hostname":"lijun","pid":3652,"level":20,"msg":"Added: \u001b[35mthemes/next/source/vendors/fancybox/source/fancybox_overlay.png\u001b[39m","time":"2015-09-14T01:25:22.115Z","v":0}
{"name":"hexo","hostname":"lijun","pid":3652,"level":20,"msg":"Added: \u001b[35mthemes/next/source/vendors/fancybox/source/fancybox_sprite.png\u001b[39m","time":"2015-09-14T01:25:22.116Z","v":0}
{"name":"hexo","hostname":"lijun","pid":3652,"level":20,"msg":"Added: \u001b[35mthemes/next/source/vendors/fancybox/source/fancybox_sprite@2x.png\u001b[39m","time":"2015-09-14T01:25:22.117Z","v":0}
{"name":"hexo","hostname":"lijun","pid":3652,"level":20,"msg":"Added: \u001b[35mthemes/next/source/vendors/fancybox/source/helpers/fancybox_buttons.png\u001b[39m","time":"2015-09-14T01:25:22.118Z","v":0}
{"name":"hexo","hostname":"lijun","pid":3652,"level":20,"msg":"Added: \u001b[35mthemes/next/source/vendors/fancybox/source/helpers/jquery.fancybox-buttons.css\u001b[39m","time":"2015-09-14T01:25:22.118Z","v":0}
{"name":"hexo","hostname":"lijun","pid":3652,"level":20,"msg":"Added: \u001b[35mthemes/next/source/vendors/fancybox/source/helpers/jquery.fancybox-buttons.js\u001b[39m","time":"2015-09-14T01:25:22.119Z","v":0}
{"name":"hexo","hostname":"lijun","pid":3652,"level":20,"msg":"Added: \u001b[35mthemes/next/source/vendors/fancybox/source/helpers/jquery.fancybox-media.js\u001b[39m","time":"2015-09-14T01:25:22.119Z","v":0}
{"name":"hexo","hostname":"lijun","pid":3652,"level":20,"msg":"Added: \u001b[35mthemes/next/source/vendors/fancybox/source/helpers/jquery.fancybox-thumbs.css\u001b[39m","time":"2015-09-14T01:25:22.120Z","v":0}
{"name":"hexo","hostname":"lijun","pid":3652,"level":20,"msg":"Added: \u001b[35mthemes/next/source/vendors/fancybox/source/helpers/jquery.fancybox-thumbs.js\u001b[39m","time":"2015-09-14T01:25:22.121Z","v":0}
{"name":"hexo","hostname":"lijun","pid":3652,"level":20,"msg":"Added: \u001b[35mthemes/next/source/vendors/fancybox/source/jquery.fancybox.css\u001b[39m","time":"2015-09-14T01:25:22.121Z","v":0}
{"name":"hexo","hostname":"lijun","pid":3652,"level":20,"msg":"Added: \u001b[35mthemes/next/source/vendors/fancybox/source/jquery.fancybox.js\u001b[39m","time":"2015-09-14T01:25:22.122Z","v":0}
{"name":"hexo","hostname":"lijun","pid":3652,"level":20,"msg":"Added: \u001b[35mthemes/next/source/vendors/fancybox/source/jquery.fancybox.pack.js\u001b[39m","time":"2015-09-14T01:25:22.123Z","v":0}
{"name":"hexo","hostname":"lijun","pid":3652,"level":20,"msg":"Added: \u001b[35mthemes/next/source/vendors/fastclick/LICENSE\u001b[39m","time":"2015-09-14T01:25:22.124Z","v":0}
{"name":"hexo","hostname":"lijun","pid":3652,"level":20,"msg":"Added: \u001b[35mthemes/next/source/vendors/fastclick/README.md\u001b[39m","time":"2015-09-14T01:25:22.125Z","v":0}
{"name":"hexo","hostname":"lijun","pid":3652,"level":20,"msg":"Added: \u001b[35mthemes/next/source/vendors/fastclick/bower.json\u001b[39m","time":"2015-09-14T01:25:22.125Z","v":0}
{"name":"hexo","hostname":"lijun","pid":3652,"level":20,"msg":"Added: \u001b[35mthemes/next/source/vendors/fastclick/lib/fastclick.js\u001b[39m","time":"2015-09-14T01:25:22.126Z","v":0}
{"name":"hexo","hostname":"lijun","pid":3652,"level":20,"msg":"Added: \u001b[35mthemes/next/source/vendors/fastclick/lib/fastclick.min.js\u001b[39m","time":"2015-09-14T01:25:22.126Z","v":0}
{"name":"hexo","hostname":"lijun","pid":3652,"level":20,"msg":"Added: \u001b[35mthemes/next/source/vendors/velocity/bower.json\u001b[39m","time":"2015-09-14T01:25:22.127Z","v":0}
{"name":"hexo","hostname":"lijun","pid":3652,"level":20,"msg":"Added: \u001b[35mthemes/next/source/vendors/velocity/velocity.min.js\u001b[39m","time":"2015-09-14T01:25:22.128Z","v":0}
{"name":"hexo","hostname":"lijun","pid":3652,"level":20,"msg":"Added: \u001b[35mthemes/next/source/vendors/velocity/velocity.ui.js\u001b[39m","time":"2015-09-14T01:25:22.129Z","v":0}
{"name":"hexo","hostname":"lijun","pid":3652,"level":20,"msg":"Added: \u001b[35mthemes/next/source/vendors/velocity/velocity.ui.min.js\u001b[39m","time":"2015-09-14T01:25:22.130Z","v":0}
{"name":"hexo","hostname":"lijun","pid":3652,"level":20,"msg":"Added: \u001b[35mthemes/next/test/helpers.js\u001b[39m","time":"2015-09-14T01:25:22.130Z","v":0}
{"name":"hexo","hostname":"lijun","pid":3652,"level":20,"msg":"Added: \u001b[35mthemes/next/test/intern.js\u001b[39m","time":"2015-09-14T01:25:22.131Z","v":0}
{"name":"hexo","hostname":"lijun","pid":3652,"level":20,"msg":"Added: \u001b[35mthemes/next/source/vendors/jquery/index.js\u001b[39m","time":"2015-09-14T01:25:22.158Z","v":0}
{"name":"hexo","hostname":"lijun","pid":3652,"level":20,"msg":"Added: \u001b[35mthemes/next/source/vendors/velocity/velocity.js\u001b[39m","time":"2015-09-14T01:25:22.158Z","v":0}
{"name":"hexo","hostname":"lijun","pid":3652,"level":20,"msg":"Processed: \u001b[35msource/vendors/velocity/velocity.ui.min.js\u001b[39m","time":"2015-09-14T01:25:22.161Z","v":0}
{"name":"hexo","hostname":"lijun","pid":3652,"level":20,"msg":"Processed: \u001b[35msource/vendors/velocity/velocity.ui.js\u001b[39m","time":"2015-09-14T01:25:22.162Z","v":0}
{"name":"hexo","hostname":"lijun","pid":3652,"level":20,"msg":"Processed: \u001b[35msource/vendors/velocity/velocity.min.js\u001b[39m","time":"2015-09-14T01:25:22.162Z","v":0}
{"name":"hexo","hostname":"lijun","pid":3652,"level":20,"msg":"Processed: \u001b[35msource/vendors/velocity/velocity.js\u001b[39m","time":"2015-09-14T01:25:22.164Z","v":0}
{"name":"hexo","hostname":"lijun","pid":3652,"level":20,"msg":"Processed: \u001b[35msource/vendors/velocity/bower.json\u001b[39m","time":"2015-09-14T01:25:22.164Z","v":0}
{"name":"hexo","hostname":"lijun","pid":3652,"level":20,"msg":"Processed: \u001b[35msource/vendors/jquery/index.js\u001b[39m","time":"2015-09-14T01:25:22.165Z","v":0}
{"name":"hexo","hostname":"lijun","pid":3652,"level":20,"msg":"Processed: \u001b[35msource/vendors/fastclick/lib/fastclick.min.js\u001b[39m","time":"2015-09-14T01:25:22.165Z","v":0}
{"name":"hexo","hostname":"lijun","pid":3652,"level":20,"msg":"Processed: \u001b[35msource/vendors/fastclick/lib/fastclick.js\u001b[39m","time":"2015-09-14T01:25:22.165Z","v":0}
{"name":"hexo","hostname":"lijun","pid":3652,"level":20,"msg":"Processed: \u001b[35msource/vendors/fastclick/bower.json\u001b[39m","time":"2015-09-14T01:25:22.166Z","v":0}
{"name":"hexo","hostname":"lijun","pid":3652,"level":20,"msg":"Processed: \u001b[35msource/vendors/fastclick/README.md\u001b[39m","time":"2015-09-14T01:25:22.166Z","v":0}
{"name":"hexo","hostname":"lijun","pid":3652,"level":20,"msg":"Processed: \u001b[35msource/vendors/fastclick/LICENSE\u001b[39m","time":"2015-09-14T01:25:22.166Z","v":0}
{"name":"hexo","hostname":"lijun","pid":3652,"level":20,"msg":"Processed: \u001b[35msource/vendors/fancybox/source/jquery.fancybox.pack.js\u001b[39m","time":"2015-09-14T01:25:22.167Z","v":0}
{"name":"hexo","hostname":"lijun","pid":3652,"level":20,"msg":"Processed: \u001b[35msource/vendors/fancybox/source/jquery.fancybox.js\u001b[39m","time":"2015-09-14T01:25:22.167Z","v":0}
{"name":"hexo","hostname":"lijun","pid":3652,"level":20,"msg":"Processed: \u001b[35msource/vendors/fancybox/source/jquery.fancybox.css\u001b[39m","time":"2015-09-14T01:25:22.168Z","v":0}
{"name":"hexo","hostname":"lijun","pid":3652,"level":20,"msg":"Processed: \u001b[35msource/vendors/fancybox/source/helpers/jquery.fancybox-thumbs.js\u001b[39m","time":"2015-09-14T01:25:22.168Z","v":0}
{"name":"hexo","hostname":"lijun","pid":3652,"level":20,"msg":"Processed: \u001b[35msource/vendors/fancybox/source/helpers/jquery.fancybox-thumbs.css\u001b[39m","time":"2015-09-14T01:25:22.169Z","v":0}
{"name":"hexo","hostname":"lijun","pid":3652,"level":20,"msg":"Processed: \u001b[35msource/vendors/fancybox/source/helpers/jquery.fancybox-media.js\u001b[39m","time":"2015-09-14T01:25:22.169Z","v":0}
{"name":"hexo","hostname":"lijun","pid":3652,"level":20,"msg":"Processed: \u001b[35msource/vendors/fancybox/source/helpers/jquery.fancybox-buttons.js\u001b[39m","time":"2015-09-14T01:25:22.169Z","v":0}
{"name":"hexo","hostname":"lijun","pid":3652,"level":20,"msg":"Processed: \u001b[35msource/vendors/fancybox/source/helpers/jquery.fancybox-buttons.css\u001b[39m","time":"2015-09-14T01:25:22.170Z","v":0}
{"name":"hexo","hostname":"lijun","pid":3652,"level":20,"msg":"Processed: \u001b[35msource/vendors/fancybox/source/helpers/fancybox_buttons.png\u001b[39m","time":"2015-09-14T01:25:22.170Z","v":0}
{"name":"hexo","hostname":"lijun","pid":3652,"level":20,"msg":"Processed: \u001b[35msource/vendors/fancybox/source/fancybox_sprite@2x.png\u001b[39m","time":"2015-09-14T01:25:22.171Z","v":0}
{"name":"hexo","hostname":"lijun","pid":3652,"level":20,"msg":"Processed: \u001b[35msource/vendors/fancybox/source/fancybox_sprite.png\u001b[39m","time":"2015-09-14T01:25:22.171Z","v":0}
{"name":"hexo","hostname":"lijun","pid":3652,"level":20,"msg":"Processed: \u001b[35msource/vendors/fancybox/source/fancybox_overlay.png\u001b[39m","time":"2015-09-14T01:25:22.171Z","v":0}
{"name":"hexo","hostname":"lijun","pid":3652,"level":20,"msg":"Processed: \u001b[35msource/vendors/fancybox/source/fancybox_loading@2x.gif\u001b[39m","time":"2015-09-14T01:25:22.172Z","v":0}
{"name":"hexo","hostname":"lijun","pid":3652,"level":20,"msg":"Processed: \u001b[35msource/vendors/fancybox/source/fancybox_loading.gif\u001b[39m","time":"2015-09-14T01:25:22.172Z","v":0}
{"name":"hexo","hostname":"lijun","pid":3652,"level":20,"msg":"Processed: \u001b[35msource/vendors/fancybox/source/blank.gif\u001b[39m","time":"2015-09-14T01:25:22.173Z","v":0}
{"name":"hexo","hostname":"lijun","pid":3652,"level":20,"msg":"Processed: \u001b[35msource/js/ua-parser.min.js\u001b[39m","time":"2015-09-14T01:25:22.173Z","v":0}
{"name":"hexo","hostname":"lijun","pid":3652,"level":20,"msg":"Processed: \u001b[35msource/js/nav-toggle.js\u001b[39m","time":"2015-09-14T01:25:22.173Z","v":0}
{"name":"hexo","hostname":"lijun","pid":3652,"level":20,"msg":"Processed: \u001b[35msource/js/motion_global.js\u001b[39m","time":"2015-09-14T01:25:22.174Z","v":0}
{"name":"hexo","hostname":"lijun","pid":3652,"level":20,"msg":"Processed: \u001b[35msource/js/motion_fallback.js\u001b[39m","time":"2015-09-14T01:25:22.175Z","v":0}
{"name":"hexo","hostname":"lijun","pid":3652,"level":20,"msg":"Processed: \u001b[35msource/js/lazyload.js\u001b[39m","time":"2015-09-14T01:25:22.175Z","v":0}
{"name":"hexo","hostname":"lijun","pid":3652,"level":20,"msg":"Processed: \u001b[35msource/js/hook-duoshuo.js\u001b[39m","time":"2015-09-14T01:25:22.175Z","v":0}
{"name":"hexo","hostname":"lijun","pid":3652,"level":20,"msg":"Processed: \u001b[35msource/js/helpers.js\u001b[39m","time":"2015-09-14T01:25:22.176Z","v":0}
{"name":"hexo","hostname":"lijun","pid":3652,"level":20,"msg":"Processed: \u001b[35msource/js/fancy-box.js\u001b[39m","time":"2015-09-14T01:25:22.177Z","v":0}
{"name":"hexo","hostname":"lijun","pid":3652,"level":20,"msg":"Processed: \u001b[35msource/js/bootstrap.scrollspy.js\u001b[39m","time":"2015-09-14T01:25:22.177Z","v":0}
{"name":"hexo","hostname":"lijun","pid":3652,"level":20,"msg":"Processed: \u001b[35msource/images/searchicon.png\u001b[39m","time":"2015-09-14T01:25:22.178Z","v":0}
{"name":"hexo","hostname":"lijun","pid":3652,"level":20,"msg":"Processed: \u001b[35msource/images/placeholder.gif\u001b[39m","time":"2015-09-14T01:25:22.178Z","v":0}
{"name":"hexo","hostname":"lijun","pid":3652,"level":20,"msg":"Processed: \u001b[35msource/images/loading.gif\u001b[39m","time":"2015-09-14T01:25:22.179Z","v":0}
{"name":"hexo","hostname":"lijun","pid":3652,"level":20,"msg":"Processed: \u001b[35msource/images/cc-zero.svg\u001b[39m","time":"2015-09-14T01:25:22.179Z","v":0}
{"name":"hexo","hostname":"lijun","pid":3652,"level":20,"msg":"Processed: \u001b[35msource/images/cc-by.svg\u001b[39m","time":"2015-09-14T01:25:22.179Z","v":0}
{"name":"hexo","hostname":"lijun","pid":3652,"level":20,"msg":"Processed: \u001b[35msource/images/cc-by-sa.svg\u001b[39m","time":"2015-09-14T01:25:22.180Z","v":0}
{"name":"hexo","hostname":"lijun","pid":3652,"level":20,"msg":"Processed: \u001b[35msource/images/cc-by-nd.svg\u001b[39m","time":"2015-09-14T01:25:22.180Z","v":0}
{"name":"hexo","hostname":"lijun","pid":3652,"level":20,"msg":"Processed: \u001b[35msource/images/cc-by-nc.svg\u001b[39m","time":"2015-09-14T01:25:22.181Z","v":0}
{"name":"hexo","hostname":"lijun","pid":3652,"level":20,"msg":"Processed: \u001b[35msource/images/cc-by-nc-sa.svg\u001b[39m","time":"2015-09-14T01:25:22.181Z","v":0}
{"name":"hexo","hostname":"lijun","pid":3652,"level":20,"msg":"Processed: \u001b[35msource/images/cc-by-nc-nd.svg\u001b[39m","time":"2015-09-14T01:25:22.181Z","v":0}
{"name":"hexo","hostname":"lijun","pid":3652,"level":20,"msg":"Processed: \u001b[35msource/images/bkdefault_avatar.jpg\u001b[39m","time":"2015-09-14T01:25:22.182Z","v":0}
{"name":"hexo","hostname":"lijun","pid":3652,"level":20,"msg":"Processed: \u001b[35msource/fonts/icon-linecons/selection.json\u001b[39m","time":"2015-09-14T01:25:22.182Z","v":0}
{"name":"hexo","hostname":"lijun","pid":3652,"level":20,"msg":"Processed: \u001b[35msource/fonts/icon-linecons/icomoon.woff\u001b[39m","time":"2015-09-14T01:25:22.182Z","v":0}
{"name":"hexo","hostname":"lijun","pid":3652,"level":20,"msg":"Processed: \u001b[35msource/fonts/icon-linecons/icomoon.ttf\u001b[39m","time":"2015-09-14T01:25:22.183Z","v":0}
{"name":"hexo","hostname":"lijun","pid":3652,"level":20,"msg":"Processed: \u001b[35msource/fonts/icon-linecons/icomoon.svg\u001b[39m","time":"2015-09-14T01:25:22.183Z","v":0}
{"name":"hexo","hostname":"lijun","pid":3652,"level":20,"msg":"Processed: \u001b[35msource/fonts/icon-linecons/icomoon.eot\u001b[39m","time":"2015-09-14T01:25:22.185Z","v":0}
{"name":"hexo","hostname":"lijun","pid":3652,"level":20,"msg":"Processed: \u001b[35msource/fonts/icon-icomoon/icomoon.woff\u001b[39m","time":"2015-09-14T01:25:22.185Z","v":0}
{"name":"hexo","hostname":"lijun","pid":3652,"level":20,"msg":"Processed: \u001b[35msource/fonts/icon-icomoon/icomoon.ttf\u001b[39m","time":"2015-09-14T01:25:22.186Z","v":0}
{"name":"hexo","hostname":"lijun","pid":3652,"level":20,"msg":"Processed: \u001b[35msource/fonts/icon-icomoon/icomoon.svg\u001b[39m","time":"2015-09-14T01:25:22.186Z","v":0}
{"name":"hexo","hostname":"lijun","pid":3652,"level":20,"msg":"Processed: \u001b[35msource/fonts/icon-icomoon/icomoon.eot\u001b[39m","time":"2015-09-14T01:25:22.186Z","v":0}
{"name":"hexo","hostname":"lijun","pid":3652,"level":20,"msg":"Processed: \u001b[35msource/fonts/icon-fifty-shades/selection.json\u001b[39m","time":"2015-09-14T01:25:22.188Z","v":0}
{"name":"hexo","hostname":"lijun","pid":3652,"level":20,"msg":"Processed: \u001b[35msource/fonts/icon-fifty-shades/icomoon.woff\u001b[39m","time":"2015-09-14T01:25:22.188Z","v":0}
{"name":"hexo","hostname":"lijun","pid":3652,"level":20,"msg":"Processed: \u001b[35msource/fonts/icon-fifty-shades/icomoon.ttf\u001b[39m","time":"2015-09-14T01:25:22.189Z","v":0}
{"name":"hexo","hostname":"lijun","pid":3652,"level":20,"msg":"Processed: \u001b[35msource/fonts/icon-fifty-shades/icomoon.svg\u001b[39m","time":"2015-09-14T01:25:22.189Z","v":0}
{"name":"hexo","hostname":"lijun","pid":3652,"level":20,"msg":"Processed: \u001b[35msource/fonts/icon-fifty-shades/icomoon.eot\u001b[39m","time":"2015-09-14T01:25:22.190Z","v":0}
{"name":"hexo","hostname":"lijun","pid":3652,"level":20,"msg":"Processed: \u001b[35msource/fonts/icon-feather/selection.json\u001b[39m","time":"2015-09-14T01:25:22.190Z","v":0}
{"name":"hexo","hostname":"lijun","pid":3652,"level":20,"msg":"Processed: \u001b[35msource/fonts/icon-feather/icomoon.woff\u001b[39m","time":"2015-09-14T01:25:22.190Z","v":0}
{"name":"hexo","hostname":"lijun","pid":3652,"level":20,"msg":"Processed: \u001b[35msource/fonts/icon-feather/icomoon.ttf\u001b[39m","time":"2015-09-14T01:25:22.191Z","v":0}
{"name":"hexo","hostname":"lijun","pid":3652,"level":20,"msg":"Processed: \u001b[35msource/fonts/icon-feather/icomoon.svg\u001b[39m","time":"2015-09-14T01:25:22.191Z","v":0}
{"name":"hexo","hostname":"lijun","pid":3652,"level":20,"msg":"Processed: \u001b[35msource/fonts/icon-feather/icomoon.eot\u001b[39m","time":"2015-09-14T01:25:22.191Z","v":0}
{"name":"hexo","hostname":"lijun","pid":3652,"level":20,"msg":"Processed: \u001b[35msource/fonts/icon-default/selection.json\u001b[39m","time":"2015-09-14T01:25:22.192Z","v":0}
{"name":"hexo","hostname":"lijun","pid":3652,"level":20,"msg":"Processed: \u001b[35msource/fonts/icon-default/icomoon.woff\u001b[39m","time":"2015-09-14T01:25:22.193Z","v":0}
{"name":"hexo","hostname":"lijun","pid":3652,"level":20,"msg":"Processed: \u001b[35msource/fonts/icon-default/icomoon.ttf\u001b[39m","time":"2015-09-14T01:25:22.193Z","v":0}
{"name":"hexo","hostname":"lijun","pid":3652,"level":20,"msg":"Processed: \u001b[35msource/fonts/icon-default/icomoon.svg\u001b[39m","time":"2015-09-14T01:25:22.194Z","v":0}
{"name":"hexo","hostname":"lijun","pid":3652,"level":20,"msg":"Processed: \u001b[35msource/fonts/icon-default/icomoon.eot\u001b[39m","time":"2015-09-14T01:25:22.195Z","v":0}
{"name":"hexo","hostname":"lijun","pid":3652,"level":20,"msg":"Processed: \u001b[35msource/css/main.styl\u001b[39m","time":"2015-09-14T01:25:22.195Z","v":0}
{"name":"hexo","hostname":"lijun","pid":3652,"level":20,"msg":"Processed: \u001b[35mlayout/tag.swig\u001b[39m","time":"2015-09-14T01:25:22.197Z","v":0}
{"name":"hexo","hostname":"lijun","pid":3652,"level":20,"msg":"Processed: \u001b[35mlayout/post.swig\u001b[39m","time":"2015-09-14T01:25:22.198Z","v":0}
{"name":"hexo","hostname":"lijun","pid":3652,"level":20,"msg":"Processed: \u001b[35mlayout/page.swig\u001b[39m","time":"2015-09-14T01:25:22.201Z","v":0}
{"name":"hexo","hostname":"lijun","pid":3652,"level":20,"msg":"Processed: \u001b[35mlayout/index.swig\u001b[39m","time":"2015-09-14T01:25:22.201Z","v":0}
{"name":"hexo","hostname":"lijun","pid":3652,"level":20,"msg":"Processed: \u001b[35mlayout/category.swig\u001b[39m","time":"2015-09-14T01:25:22.202Z","v":0}
{"name":"hexo","hostname":"lijun","pid":3652,"level":20,"msg":"Processed: \u001b[35mlayout/archive.swig\u001b[39m","time":"2015-09-14T01:25:22.202Z","v":0}
{"name":"hexo","hostname":"lijun","pid":3652,"level":20,"msg":"Processed: \u001b[35mlayout/_scripts/pages/post-details.swig\u001b[39m","time":"2015-09-14T01:25:22.203Z","v":0}
{"name":"hexo","hostname":"lijun","pid":3652,"level":20,"msg":"Processed: \u001b[35mlayout/_scripts/motion.swig\u001b[39m","time":"2015-09-14T01:25:22.204Z","v":0}
{"name":"hexo","hostname":"lijun","pid":3652,"level":20,"msg":"Processed: \u001b[35mlayout/_scripts/mathjax.swig\u001b[39m","time":"2015-09-14T01:25:22.205Z","v":0}
{"name":"hexo","hostname":"lijun","pid":3652,"level":20,"msg":"Processed: \u001b[35mlayout/_scripts/helpers.swig\u001b[39m","time":"2015-09-14T01:25:22.206Z","v":0}
{"name":"hexo","hostname":"lijun","pid":3652,"level":20,"msg":"Processed: \u001b[35mlayout/_scripts/fancy-box.swig\u001b[39m","time":"2015-09-14T01:25:22.207Z","v":0}
{"name":"hexo","hostname":"lijun","pid":3652,"level":20,"msg":"Processed: \u001b[35mlayout/_scripts/comments/duoshuo.swig\u001b[39m","time":"2015-09-14T01:25:22.207Z","v":0}
{"name":"hexo","hostname":"lijun","pid":3652,"level":20,"msg":"Processed: \u001b[35mlayout/_scripts/comments/disqus.swig\u001b[39m","time":"2015-09-14T01:25:22.208Z","v":0}
{"name":"hexo","hostname":"lijun","pid":3652,"level":20,"msg":"Processed: \u001b[35mlayout/_scripts/bootstrap.scrollspy.swig\u001b[39m","time":"2015-09-14T01:25:22.208Z","v":0}
{"name":"hexo","hostname":"lijun","pid":3652,"level":20,"msg":"Processed: \u001b[35mlayout/_scripts/baidushare.swig\u001b[39m","time":"2015-09-14T01:25:22.209Z","v":0}
{"name":"hexo","hostname":"lijun","pid":3652,"level":20,"msg":"Processed: \u001b[35mlayout/_scripts/analytics.swig\u001b[39m","time":"2015-09-14T01:25:22.210Z","v":0}
{"name":"hexo","hostname":"lijun","pid":3652,"level":20,"msg":"Processed: \u001b[35mlayout/_scripts/analytics/google-analytics.swig\u001b[39m","time":"2015-09-14T01:25:22.211Z","v":0}
{"name":"hexo","hostname":"lijun","pid":3652,"level":20,"msg":"Processed: \u001b[35mlayout/_scripts/analytics/baidu-analytics.swig\u001b[39m","time":"2015-09-14T01:25:22.212Z","v":0}
{"name":"hexo","hostname":"lijun","pid":3652,"level":20,"msg":"Processed: \u001b[35mlayout/_partials/share/jiathis.swig\u001b[39m","time":"2015-09-14T01:25:22.212Z","v":0}
{"name":"hexo","hostname":"lijun","pid":3652,"level":20,"msg":"Processed: \u001b[35mlayout/_partials/share/duoshuo_share.swig\u001b[39m","time":"2015-09-14T01:25:22.213Z","v":0}
{"name":"hexo","hostname":"lijun","pid":3652,"level":20,"msg":"Processed: \u001b[35mlayout/_partials/search.swig\u001b[39m","time":"2015-09-14T01:25:22.214Z","v":0}
{"name":"hexo","hostname":"lijun","pid":3652,"level":20,"msg":"Processed: \u001b[35mlayout/_partials/search/tinysou.swig\u001b[39m","time":"2015-09-14T01:25:22.214Z","v":0}
{"name":"hexo","hostname":"lijun","pid":3652,"level":20,"msg":"Processed: \u001b[35mlayout/_partials/search/swiftype.swig\u001b[39m","time":"2015-09-14T01:25:22.223Z","v":0}
{"name":"hexo","hostname":"lijun","pid":3652,"level":20,"msg":"Processed: \u001b[35mlayout/_partials/pagination.swig\u001b[39m","time":"2015-09-14T01:25:22.223Z","v":0}
{"name":"hexo","hostname":"lijun","pid":3652,"level":20,"msg":"Processed: \u001b[35mlayout/_partials/old-browsers.swig\u001b[39m","time":"2015-09-14T01:25:22.224Z","v":0}
{"name":"hexo","hostname":"lijun","pid":3652,"level":20,"msg":"Processed: \u001b[35mlayout/_partials/header.swig\u001b[39m","time":"2015-09-14T01:25:22.225Z","v":0}
{"name":"hexo","hostname":"lijun","pid":3652,"level":20,"msg":"Processed: \u001b[35mlayout/_partials/head.swig\u001b[39m","time":"2015-09-14T01:25:22.225Z","v":0}
{"name":"hexo","hostname":"lijun","pid":3652,"level":20,"msg":"Processed: \u001b[35mlayout/_partials/footer.swig\u001b[39m","time":"2015-09-14T01:25:22.226Z","v":0}
{"name":"hexo","hostname":"lijun","pid":3652,"level":20,"msg":"Processed: \u001b[35mlayout/_macro/sidebar.swig\u001b[39m","time":"2015-09-14T01:25:22.227Z","v":0}
{"name":"hexo","hostname":"lijun","pid":3652,"level":20,"msg":"Processed: \u001b[35mlayout/_macro/post.swig\u001b[39m","time":"2015-09-14T01:25:22.228Z","v":0}
{"name":"hexo","hostname":"lijun","pid":3652,"level":20,"msg":"Processed: \u001b[35mlayout/_macro/post-collapse.swig\u001b[39m","time":"2015-09-14T01:25:22.228Z","v":0}
{"name":"hexo","hostname":"lijun","pid":3652,"level":20,"msg":"Processed: \u001b[35mlayout/_layout.swig\u001b[39m","time":"2015-09-14T01:25:22.230Z","v":0}
{"name":"hexo","hostname":"lijun","pid":3652,"level":20,"msg":"Processed: \u001b[35mlanguages/zh-tw.yml\u001b[39m","time":"2015-09-14T01:25:22.233Z","v":0}
{"name":"hexo","hostname":"lijun","pid":3652,"level":20,"msg":"Processed: \u001b[35mlanguages/zh-hk.yml\u001b[39m","time":"2015-09-14T01:25:22.234Z","v":0}
{"name":"hexo","hostname":"lijun","pid":3652,"level":20,"msg":"Processed: \u001b[35mlanguages/zh-Hans.yml\u001b[39m","time":"2015-09-14T01:25:22.236Z","v":0}
{"name":"hexo","hostname":"lijun","pid":3652,"level":20,"msg":"Processed: \u001b[35mlanguages/ru.yml\u001b[39m","time":"2015-09-14T01:25:22.238Z","v":0}
{"name":"hexo","hostname":"lijun","pid":3652,"level":20,"msg":"Processed: \u001b[35mlanguages/fr-FR.yml\u001b[39m","time":"2015-09-14T01:25:22.240Z","v":0}
{"name":"hexo","hostname":"lijun","pid":3652,"level":20,"msg":"Processed: \u001b[35mlanguages/en.yml\u001b[39m","time":"2015-09-14T01:25:22.241Z","v":0}
{"name":"hexo","hostname":"lijun","pid":3652,"level":20,"msg":"Processed: \u001b[35mlanguages/default.yml\u001b[39m","time":"2015-09-14T01:25:22.242Z","v":0}
{"name":"hexo","hostname":"lijun","pid":3652,"level":20,"msg":"Processed: \u001b[35mlanguages/de.yml\u001b[39m","time":"2015-09-14T01:25:22.244Z","v":0}
{"name":"hexo","hostname":"lijun","pid":3652,"level":20,"msg":"Theme config loaded.","time":"2015-09-14T01:25:22.245Z","v":0}
{"name":"hexo","hostname":"lijun","pid":3652,"level":20,"msg":"Processed: \u001b[35m_config.yml\u001b[39m","time":"2015-09-14T01:25:22.245Z","v":0}
{"name":"hexo","hostname":"lijun","pid":3652,"level":20,"msg":"Generator: \u001b[35mpage\u001b[39m","time":"2015-09-14T01:25:22.527Z","v":0}
{"name":"hexo","hostname":"lijun","pid":3652,"level":20,"msg":"Generator: \u001b[35mpost\u001b[39m","time":"2015-09-14T01:25:22.528Z","v":0}
{"name":"hexo","hostname":"lijun","pid":3652,"level":20,"msg":"Generator: \u001b[35mcategory\u001b[39m","time":"2015-09-14T01:25:22.529Z","v":0}
{"name":"hexo","hostname":"lijun","pid":3652,"level":20,"msg":"Generator: \u001b[35marchive\u001b[39m","time":"2015-09-14T01:25:22.529Z","v":0}
{"name":"hexo","hostname":"lijun","pid":3652,"level":20,"msg":"Generator: \u001b[35mindex\u001b[39m","time":"2015-09-14T01:25:22.529Z","v":0}
{"name":"hexo","hostname":"lijun","pid":3652,"level":20,"msg":"Generator: \u001b[35mtag\u001b[39m","time":"2015-09-14T01:25:22.530Z","v":0}
{"name":"hexo","hostname":"lijun","pid":3652,"level":20,"msg":"Generator: \u001b[35masset\u001b[39m","time":"2015-09-14T01:25:22.532Z","v":0}
{"name":"hexo","hostname":"lijun","pid":3652,"level":30,"msg":"Hexo is running at \u001b[4mhttp://0.0.0.0:4000/\u001b[24m. Press Ctrl+C to stop.","time":"2015-09-14T01:25:22.540Z","v":0}
{"name":"hexo","hostname":"lijun","pid":3652,"level":20,"msg":"Database saved","time":"2015-09-14T01:25:22.559Z","v":0}
{"name":"hexo","hostname":"lijun","pid":3652,"level":20,"msg":"Rendering index: \u001b[35mindex.html\u001b[39m","time":"2015-09-14T01:25:34.440Z","v":0}
{"name":"hexo","hostname":"lijun","pid":3652,"level":20,"msg":"Rendering archive: \u001b[35marchives/index.html\u001b[39m","time":"2015-09-14T01:25:54.166Z","v":0}
{"name":"hexo","hostname":"lijun","pid":3652,"level":20,"msg":"Rendering index: \u001b[35mindex.html\u001b[39m","time":"2015-09-14T01:26:00.390Z","v":0}
{"name":"hexo","hostname":"lijun","pid":3652,"level":20,"msg":"Rendering post: \u001b[35m2015/09/14/hello-world/index.html\u001b[39m","time":"2015-09-14T01:27:03.211Z","v":0}
{"name":"hexo","hostname":"lijun","pid":3652,"level":20,"msg":"Rendering index: \u001b[35mindex.html\u001b[39m","time":"2015-09-14T01:27:21.956Z","v":0}
{"name":"hexo","hostname":"lijun","pid":3652,"level":30,"msg":"Have a nice day","time":"2015-09-14T01:28:51.042Z","v":0}
{"name":"hexo","hostname":"lijun","pid":3652,"level":20,"msg":"Database saved","time":"2015-09-14T01:28:51.073Z","v":0}
